2020-04-08 13:46:05,043 [Worker-6] INFO  o.e.m.c.i.l.LifecycleMappingFactory - Using org.eclipse.m2e.jdt.JarLifecycleMapping lifecycle mapping for MavenProject: Demo:Demoartifact:0.0.1-SNAPSHOT @ D:\GitDemo\Demoartifact\pom.xml.
2020-04-08 13:46:07,914 [Worker-6] INFO  o.e.m.j.i.AbstractJavaProjectConfigurator - Adding source folder /Demoartifact/src/main/java
2020-04-08 13:46:07,914 [Worker-4] INFO  o.e.m.c.i.l.LifecycleMappingFactory - Using org.eclipse.m2e.jdt.JarLifecycleMapping lifecycle mapping for MavenProject: Demo:Demoartifact:0.0.1-SNAPSHOT @ D:\GitDemo\Demoartifact\pom.xml.
2020-04-08 13:46:07,914 [Worker-6] INFO  o.e.m.j.i.AbstractJavaProjectConfigurator - Adding resource folder /Demoartifact/src/main/resources
2020-04-08 13:46:07,914 [Worker-6] INFO  o.e.m.j.i.AbstractJavaProjectConfigurator - Adding source folder /Demoartifact/src/test/java
2020-04-08 13:46:07,914 [Worker-6] INFO  o.e.m.j.i.AbstractJavaProjectConfigurator - Adding resource folder /Demoartifact/src/test/resources
2020-04-08 13:46:13,752 [Worker-7] INFO  o.e.m.c.i.l.LifecycleMappingFactory - Using org.eclipse.m2e.jdt.JarLifecycleMapping lifecycle mapping for MavenProject: Demo:Demoartifact:0.0.1-SNAPSHOT @ D:\GitDemo\Demoartifact\pom.xml.
2020-04-08 13:46:14,189 [Worker-7] WARN  o.e.m.c.i.embedder.EclipseLogger - Using platform encoding (Cp1252 actually) to copy filtered resources, i.e. build is platform dependent!
2020-04-08 13:46:14,205 [Worker-7] INFO  o.e.m.c.i.embedder.EclipseLogger - Copying 0 resource
2020-04-08 13:46:14,205 [Worker-7] WARN  o.e.m.c.i.embedder.EclipseLogger - Using platform encoding (Cp1252 actually) to copy filtered resources, i.e. build is platform dependent!
2020-04-08 13:46:14,220 [Worker-7] INFO  o.e.m.c.i.embedder.EclipseLogger - Copying 0 resource
2020-04-08 13:46:54,843 [Worker-7] WARN  o.e.m.c.i.embedder.EclipseLogger - Using platform encoding (Cp1252 actually) to copy filtered resources, i.e. build is platform dependent!
2020-04-08 13:46:54,858 [Worker-7] INFO  o.e.m.c.i.embedder.EclipseLogger - Copying 0 resource
2020-04-08 13:46:54,858 [Worker-7] WARN  o.e.m.c.i.embedder.EclipseLogger - Using platform encoding (Cp1252 actually) to copy filtered resources, i.e. build is platform dependent!
2020-04-08 13:46:54,858 [Worker-7] INFO  o.e.m.c.i.embedder.EclipseLogger - Copying 0 resource
2020-04-08 13:46:55,999 [Worker-5] WARN  o.e.m.c.i.embedder.EclipseLogger - Using platform encoding (Cp1252 actually) to copy filtered resources, i.e. build is platform dependent!
2020-04-08 13:46:56,124 [Worker-5] INFO  o.e.m.c.i.embedder.EclipseLogger - Copying 0 resource
2020-04-08 13:46:56,124 [Worker-5] WARN  o.e.m.c.i.embedder.EclipseLogger - Using platform encoding (Cp1252 actually) to copy filtered resources, i.e. build is platform dependent!
2020-04-08 13:46:56,140 [Worker-5] INFO  o.e.m.c.i.embedder.EclipseLogger - Copying 0 resource
2020-04-08 13:51:32,188 [Worker-8] WARN  o.e.m.c.i.embedder.EclipseLogger - Using platform encoding (Cp1252 actually) to copy filtered resources, i.e. build is platform dependent!
2020-04-08 13:51:32,204 [Worker-8] INFO  o.e.m.c.i.embedder.EclipseLogger - Copying 0 resource
2020-04-08 13:51:32,204 [Worker-8] WARN  o.e.m.c.i.embedder.EclipseLogger - Using platform encoding (Cp1252 actually) to copy filtered resources, i.e. build is platform dependent!
2020-04-08 13:51:33,210 [Worker-8] INFO  o.e.m.c.i.embedder.EclipseLogger - Copying 0 resource
2020-04-08 13:57:46,902 [Worker-11] WARN  o.e.m.c.i.embedder.EclipseLogger - Using platform encoding (Cp1252 actually) to copy filtered resources, i.e. build is platform dependent!
2020-04-08 13:57:46,915 [Worker-11] INFO  o.e.m.c.i.embedder.EclipseLogger - Copying 0 resource
2020-04-08 13:57:46,918 [Worker-11] WARN  o.e.m.c.i.embedder.EclipseLogger - Using platform encoding (Cp1252 actually) to copy filtered resources, i.e. build is platform dependent!
2020-04-08 13:57:46,928 [Worker-11] INFO  o.e.m.c.i.embedder.EclipseLogger - Copying 0 resource
2020-04-08 13:58:08,786 [Worker-13] WARN  o.e.m.c.i.embedder.EclipseLogger - Using platform encoding (Cp1252 actually) to copy filtered resources, i.e. build is platform dependent!
2020-04-08 13:58:08,811 [Worker-13] INFO  o.e.m.c.i.embedder.EclipseLogger - Copying 0 resource
2020-04-08 13:58:08,813 [Worker-13] WARN  o.e.m.c.i.embedder.EclipseLogger - Using platform encoding (Cp1252 actually) to copy filtered resources, i.e. build is platform dependent!
2020-04-08 13:58:09,013 [Worker-13] INFO  o.e.m.c.i.embedder.EclipseLogger - Copying 0 resource
2020-04-08 13:58:18,278 [Worker-7] WARN  o.e.m.c.i.embedder.EclipseLogger - Using platform encoding (Cp1252 actually) to copy filtered resources, i.e. build is platform dependent!
2020-04-08 13:58:18,290 [Worker-7] INFO  o.e.m.c.i.embedder.EclipseLogger - Copying 0 resource
2020-04-08 13:58:18,292 [Worker-7] WARN  o.e.m.c.i.embedder.EclipseLogger - Using platform encoding (Cp1252 actually) to copy filtered resources, i.e. build is platform dependent!
2020-04-08 13:58:18,302 [Worker-7] INFO  o.e.m.c.i.embedder.EclipseLogger - Copying 0 resource
2020-04-08 13:58:25,910 [Worker-11] WARN  o.e.m.c.i.embedder.EclipseLogger - Using platform encoding (Cp1252 actually) to copy filtered resources, i.e. build is platform dependent!
2020-04-08 13:58:25,931 [Worker-11] INFO  o.e.m.c.i.embedder.EclipseLogger - Copying 0 resource
2020-04-08 13:58:25,931 [Worker-11] WARN  o.e.m.c.i.embedder.EclipseLogger - Using platform encoding (Cp1252 actually) to copy filtered resources, i.e. build is platform dependent!
2020-04-08 13:58:25,947 [Worker-11] INFO  o.e.m.c.i.embedder.EclipseLogger - Copying 0 resource
